  [1m[35m (47.8ms)[0m  [1m[34mSELECT sqlite_version(*)[0m
  ↳ bin/rails:9
  [1m[35m (2.4ms)[0m  [1m[35mCREATE TABLE "schema_migrations" ("version" varchar NOT NULL PRIMARY KEY)[0m
  ↳ bin/rails:9
  [1m[35m (1.8ms)[0m  [1m[35mCREATE TABLE "ar_internal_metadata" ("key" varchar NOT NULL PRIMARY KEY, "value" varchar, "created_at" datetime NOT NULL, "updated_at" datetime NOT NULL)[0m
  ↳ bin/rails:9
  [1m[35m (0.2ms)[0m  [1m[34mSELECT "schema_migrations"."version" FROM "schema_migrations" ORDER BY "schema_migrations"."version" ASC[0m
  ↳ bin/rails:9
Migrating to CreateUsers (20181116193544)
  [1m[35m (0.1ms)[0m  [1m[36mbegin transaction[0m
  ↳ bin/rails:9
  [1m[35m (0.6ms)[0m  [1m[35mCREATE TABLE "users" ("id" integer PRIMARY KEY AUTOINCREMENT NOT NULL, "username" varchar NOT NULL, "session_token" varchar NOT NULL, "password_digest" varchar NOT NULL, "created_at" datetime NOT NULL, "updated_at" datetime NOT NULL)[0m
  ↳ db/migrate/20181116193544_create_users.rb:3
  [1m[35m (11.5ms)[0m  [1m[31mrollback transaction[0m
  ↳ bin/rails:9
  [1m[35m (0.2ms)[0m  [1m[34mSELECT "schema_migrations"."version" FROM "schema_migrations" ORDER BY "schema_migrations"."version" ASC[0m
  ↳ bin/rails:9
Migrating to CreateUsers (20181116193544)
  [1m[35m (0.1ms)[0m  [1m[36mbegin transaction[0m
  ↳ bin/rails:9
  [1m[35m (0.1ms)[0m  [1m[34mSELECT sqlite_version(*)[0m
  ↳ db/migrate/20181116193544_create_users.rb:3
  [1m[35m (0.6ms)[0m  [1m[35mCREATE TABLE "users" ("id" integer PRIMARY KEY AUTOINCREMENT NOT NULL, "username" varchar NOT NULL, "session_token" varchar NOT NULL, "password_digest" varchar NOT NULL, "created_at" datetime NOT NULL, "updated_at" datetime NOT NULL)[0m
  ↳ db/migrate/20181116193544_create_users.rb:3
  [1m[35m (0.2ms)[0m  [1m[35mCREATE UNIQUE INDEX "index_users_on_username" ON "users" ("username")[0m
  ↳ db/migrate/20181116193544_create_users.rb:10
  [1m[36mActiveRecord::SchemaMigration Create (0.3ms)[0m  [1m[32mINSERT INTO "schema_migrations" ("version") VALUES (?)[0m  [["version", "20181116193544"]]
  ↳ bin/rails:9
  [1m[35m (14.9ms)[0m  [1m[36mcommit transaction[0m
  ↳ bin/rails:9
  [1m[36mActiveRecord::InternalMetadata Load (0.7ms)[0m  [1m[34mSELECT  "ar_internal_metadata".* FROM "ar_internal_metadata" WHERE "ar_internal_metadata"."key" = ? LIMIT ?[0m  [["key", "environment"], ["LIMIT", 1]]
  ↳ bin/rails:9
  [1m[35m (0.1ms)[0m  [1m[36mbegin transaction[0m
  ↳ bin/rails:9
  [1m[36mActiveRecord::InternalMetadata Create (0.5ms)[0m  [1m[32mINSERT INTO "ar_internal_metadata" ("key", "value", "created_at", "updated_at") VALUES (?, ?, ?, ?)[0m  [["key", "environment"], ["value", "development"], ["created_at", "2018-11-16 19:49:43.951714"], ["updated_at", "2018-11-16 19:49:43.951714"]]
  ↳ bin/rails:9
  [1m[35m (1.0ms)[0m  [1m[36mcommit transaction[0m
  ↳ bin/rails:9
  [1m[35m (0.2ms)[0m  [1m[34mSELECT "schema_migrations"."version" FROM "schema_migrations" ORDER BY "schema_migrations"."version" ASC[0m
  ↳ bin/rails:9
Started GET "/session/new" for 127.0.0.1 at 2018-11-16 14:55:31 -0800
  [1m[35m (0.7ms)[0m  [1m[34mSELECT "schema_migrations"."version" FROM "schema_migrations" ORDER BY "schema_migrations"."version" ASC[0m
  ↳ /usr/local/var/rbenv/versions/2.5.0/lib/ruby/gems/2.5.0/gems/activerecord-5.2.1/lib/active_record/log_subscriber.rb:98
Processing by SessionsController#new as HTML
  Rendering sessions/new.html.erb within layouts/application
  Rendered sessions/new.html.erb within layouts/application (1.4ms)
  [1m[36mUser Load (14.9ms)[0m  [1m[34mSELECT  "users".* FROM "users" WHERE "users"."session_token" IS NULL LIMIT ?[0m  [["LIMIT", 1]]
  ↳ app/controllers/application_controller.rb:16
Completed 200 OK in 652ms (Views: 623.6ms | ActiveRecord: 15.5ms)


Started POST "/users/new" for 127.0.0.1 at 2018-11-16 14:55:37 -0800
  
ActionController::RoutingError (No route matches [POST] "/users/new"):
  
actionpack (5.2.1) lib/action_dispatch/middleware/debug_exceptions.rb:65:in `call'
web-console (3.7.0) lib/web_console/middleware.rb:135:in `call_app'
web-console (3.7.0) lib/web_console/middleware.rb:30:in `block in call'
web-console (3.7.0) lib/web_console/middleware.rb:20:in `catch'
web-console (3.7.0) lib/web_console/middleware.rb:20:in `call'
actionpack (5.2.1) lib/action_dispatch/middleware/show_exceptions.rb:33:in `call'
railties (5.2.1) lib/rails/rack/logger.rb:38:in `call_app'
railties (5.2.1) lib/rails/rack/logger.rb:26:in `block in call'
activesupport (5.2.1) lib/active_support/tagged_logging.rb:71:in `block in tagged'
activesupport (5.2.1) lib/active_support/tagged_logging.rb:28:in `tagged'
activesupport (5.2.1) lib/active_support/tagged_logging.rb:71:in `tagged'
railties (5.2.1) lib/rails/rack/logger.rb:26:in `call'
sprockets-rails (3.2.1) lib/sprockets/rails/quiet_assets.rb:13:in `call'
actionpack (5.2.1) lib/action_dispatch/middleware/remote_ip.rb:81:in `call'
actionpack (5.2.1) lib/action_dispatch/middleware/request_id.rb:27:in `call'
rack (2.0.6) lib/rack/method_override.rb:22:in `call'
rack (2.0.6) lib/rack/runtime.rb:22:in `call'
activesupport (5.2.1) lib/active_support/cache/strategy/local_cache_middleware.rb:29:in `call'
actionpack (5.2.1) lib/action_dispatch/middleware/executor.rb:14:in `call'
actionpack (5.2.1) lib/action_dispatch/middleware/static.rb:127:in `call'
rack (2.0.6) lib/rack/sendfile.rb:111:in `call'
railties (5.2.1) lib/rails/engine.rb:524:in `call'
puma (3.12.0) lib/puma/configuration.rb:225:in `call'
puma (3.12.0) lib/puma/server.rb:658:in `handle_request'
puma (3.12.0) lib/puma/server.rb:472:in `process_client'
puma (3.12.0) lib/puma/server.rb:332:in `block in run'
puma (3.12.0) lib/puma/thread_pool.rb:133:in `block in spawn_thread'
Started POST "/session" for 127.0.0.1 at 2018-11-16 14:55:43 -0800
Processing by SessionsController#create as HTML
  Parameters: {"authenticity_token"=>"K5qn/+JC9ctqljPHZ1jntIu7Wf5S9t54BnCgt25odFeLq3cCDPPZprN42fS2s8b06zHk88eGeFMaYwe+Z5T5yg=="}
Completed 500 Internal Server Error in 4ms (ActiveRecord: 0.0ms)


  
NoMethodError (undefined method `[]' for nil:NilClass):
  
app/controllers/sessions_controller.rb:8:in `create'
Started GET "/session/new" for 127.0.0.1 at 2018-11-16 14:56:04 -0800
Processing by SessionsController#new as HTML
  Rendering sessions/new.html.erb within layouts/application
  Rendered sessions/new.html.erb within layouts/application (0.9ms)
  [1m[36mUser Load (8.5ms)[0m  [1m[34mSELECT  "users".* FROM "users" WHERE "users"."session_token" IS NULL LIMIT ?[0m  [["LIMIT", 1]]
  ↳ app/controllers/application_controller.rb:16
Completed 200 OK in 93ms (Views: 81.4ms | ActiveRecord: 8.5ms)


Started GET "/session?authenticity_token=SsuVnI%2BX%2FYAyXutAbxEhdmgQ0Wacp7fUQ7mltOyFrD%2Fq%2BkVhYSbR7euwAXO%2B%2BgA2CJpsawnXEf9fqgK95Xkhog%3D%3D" for 127.0.0.1 at 2018-11-16 14:56:05 -0800
  
ActionController::RoutingError (No route matches [GET] "/session"):
  
actionpack (5.2.1) lib/action_dispatch/middleware/debug_exceptions.rb:65:in `call'
web-console (3.7.0) lib/web_console/middleware.rb:135:in `call_app'
web-console (3.7.0) lib/web_console/middleware.rb:30:in `block in call'
web-console (3.7.0) lib/web_console/middleware.rb:20:in `catch'
web-console (3.7.0) lib/web_console/middleware.rb:20:in `call'
actionpack (5.2.1) lib/action_dispatch/middleware/show_exceptions.rb:33:in `call'
railties (5.2.1) lib/rails/rack/logger.rb:38:in `call_app'
railties (5.2.1) lib/rails/rack/logger.rb:26:in `block in call'
activesupport (5.2.1) lib/active_support/tagged_logging.rb:71:in `block in tagged'
activesupport (5.2.1) lib/active_support/tagged_logging.rb:28:in `tagged'
activesupport (5.2.1) lib/active_support/tagged_logging.rb:71:in `tagged'
railties (5.2.1) lib/rails/rack/logger.rb:26:in `call'
sprockets-rails (3.2.1) lib/sprockets/rails/quiet_assets.rb:13:in `call'
actionpack (5.2.1) lib/action_dispatch/middleware/remote_ip.rb:81:in `call'
actionpack (5.2.1) lib/action_dispatch/middleware/request_id.rb:27:in `call'
rack (2.0.6) lib/rack/method_override.rb:22:in `call'
rack (2.0.6) lib/rack/runtime.rb:22:in `call'
activesupport (5.2.1) lib/active_support/cache/strategy/local_cache_middleware.rb:29:in `call'
actionpack (5.2.1) lib/action_dispatch/middleware/executor.rb:14:in `call'
actionpack (5.2.1) lib/action_dispatch/middleware/static.rb:127:in `call'
rack (2.0.6) lib/rack/sendfile.rb:111:in `call'
railties (5.2.1) lib/rails/engine.rb:524:in `call'
puma (3.12.0) lib/puma/configuration.rb:225:in `call'
puma (3.12.0) lib/puma/server.rb:658:in `handle_request'
puma (3.12.0) lib/puma/server.rb:472:in `process_client'
puma (3.12.0) lib/puma/server.rb:332:in `block in run'
puma (3.12.0) lib/puma/thread_pool.rb:133:in `block in spawn_thread'
Started GET "/session/new" for 127.0.0.1 at 2018-11-16 14:56:15 -0800
Processing by SessionsController#new as HTML
  Rendering sessions/new.html.erb within layouts/application
  Rendered sessions/new.html.erb within layouts/application (0.9ms)
  [1m[36mUser Load (0.3ms)[0m  [1m[34mSELECT  "users".* FROM "users" WHERE "users"."session_token" IS NULL LIMIT ?[0m  [["LIMIT", 1]]
  ↳ app/controllers/application_controller.rb:16
Completed 200 OK in 45ms (Views: 40.0ms | ActiveRecord: 0.3ms)


Started GET "/session/new?authenticity_token=OE46l0y8VcqVfRpdU%2BREtyC5fNYHXGflZHm81aOK5QKYf%2Bpqog15p0yT8G6CD2X3QDPB25Iswc54ahvcqnZonw%3D%3D" for 127.0.0.1 at 2018-11-16 14:56:16 -0800
Processing by SessionsController#new as HTML
  Parameters: {"authenticity_token"=>"OE46l0y8VcqVfRpdU+REtyC5fNYHXGflZHm81aOK5QKYf+pqog15p0yT8G6CD2X3QDPB25Iswc54ahvcqnZonw=="}
  Rendering sessions/new.html.erb within layouts/application
  Rendered sessions/new.html.erb within layouts/application (1.0ms)
  [1m[36mUser Load (0.3ms)[0m  [1m[34mSELECT  "users".* FROM "users" WHERE "users"."session_token" IS NULL LIMIT ?[0m  [["LIMIT", 1]]
  ↳ app/controllers/application_controller.rb:16
Completed 200 OK in 59ms (Views: 55.6ms | ActiveRecord: 0.3ms)


Started GET "/users/new?authenticity_token=lPF600VMvvCyKMDvuxUWNYQYWzXB5fXnrkY%2BWpzNyx40wKouq%2F2SnWvGKtxq%2Fjd15JLmOFSVU8yyVZlTlTFGgw%3D%3D" for 127.0.0.1 at 2018-11-16 14:56:18 -0800
Processing by UsersController#new as HTML
  Parameters: {"authenticity_token"=>"lPF600VMvvCyKMDvuxUWNYQYWzXB5fXnrkY+WpzNyx40wKouq/2SnWvGKtxq/jd15JLmOFSVU8yyVZlTlTFGgw=="}
  Rendering users/new.html.erb within layouts/application
  Rendered users/new.html.erb within layouts/application (1.4ms)
  [1m[36mUser Load (1.0ms)[0m  [1m[34mSELECT  "users".* FROM "users" WHERE "users"."session_token" IS NULL LIMIT ?[0m  [["LIMIT", 1]]
  ↳ app/controllers/application_controller.rb:16
Completed 200 OK in 61ms (Views: 44.3ms | ActiveRecord: 1.7ms)


Started GET "/session/new" for 127.0.0.1 at 2018-11-16 15:00:44 -0800
  [1m[35m (5.5ms)[0m  [1m[34mSELECT "schema_migrations"."version" FROM "schema_migrations" ORDER BY "schema_migrations"."version" ASC[0m
  ↳ /usr/local/var/rbenv/versions/2.5.0/lib/ruby/gems/2.5.0/gems/activerecord-5.2.1/lib/active_record/log_subscriber.rb:98
Processing by SessionsController#new as HTML
  Rendering sessions/new.html.erb within layouts/application
  Rendered sessions/new.html.erb within layouts/application (1.9ms)
  [1m[36mUser Load (13.2ms)[0m  [1m[34mSELECT  "users".* FROM "users" WHERE "users"."session_token" IS NULL LIMIT ?[0m  [["LIMIT", 1]]
  ↳ app/controllers/application_controller.rb:16
Completed 200 OK in 382ms (Views: 353.1ms | ActiveRecord: 13.7ms)


Started GET "/users/new" for 127.0.0.1 at 2018-11-16 15:00:49 -0800
Processing by UsersController#new as HTML
  Rendering users/new.html.erb within layouts/application
  Rendered users/new.html.erb within layouts/application (4.4ms)
  [1m[36mUser Load (1.3ms)[0m  [1m[34mSELECT  "users".* FROM "users" WHERE "users"."session_token" IS NULL LIMIT ?[0m  [["LIMIT", 1]]
  ↳ app/controllers/application_controller.rb:16
Completed 200 OK in 77ms (Views: 45.1ms | ActiveRecord: 3.1ms)


Started POST "/users" for 127.0.0.1 at 2018-11-16 15:00:54 -0800
Processing by UsersController#create as HTML
  Parameters: {"authenticity_token"=>"jCUHHzR+euX6IfZtTLM2yUOIs0Md6Esjy2z5oLdt+p8sFNfi2s9WiCPPHF6dWBeJIwIOToiY7QjXf16pvpF3Ag==", "user"=>{"username"=>"mavers", "password"=>"[FILTERED]"}}
  [1m[35m (0.1ms)[0m  [1m[36mbegin transaction[0m
  ↳ app/controllers/users_controller.rb:10
  [1m[36mUser Exists (44.7ms)[0m  [1m[34mSELECT  1 AS one FROM "users" WHERE "users"."username" = ? LIMIT ?[0m  [["username", "mavers"], ["LIMIT", 1]]
  ↳ app/controllers/users_controller.rb:10
  [1m[36mUser Exists (1.1ms)[0m  [1m[34mSELECT  1 AS one FROM "users" WHERE "users"."session_token" = ? LIMIT ?[0m  [["session_token", "nAETznEm6ry8w2yvz-Qjug"], ["LIMIT", 1]]
  ↳ app/controllers/users_controller.rb:10
  [1m[36mUser Create (0.6ms)[0m  [1m[32mINSERT INTO "users" ("username", "session_token", "password_digest", "created_at", "updated_at") VALUES (?, ?, ?, ?, ?)[0m  [["username", "mavers"], ["session_token", "nAETznEm6ry8w2yvz-Qjug"], ["password_digest", "$2a$10$OYvViYF3/CGQilDhIQxYKOEwjpD1lLKNku1QN8XsV0LrYjG/P1y9K"], ["created_at", "2018-11-16 23:00:54.240556"], ["updated_at", "2018-11-16 23:00:54.240556"]]
  ↳ app/controllers/users_controller.rb:10
  [1m[35m (0.9ms)[0m  [1m[36mcommit transaction[0m
  ↳ app/controllers/users_controller.rb:10
  [1m[35m (0.1ms)[0m  [1m[36mbegin transaction[0m
  ↳ app/models/user.rb:29
  [1m[36mUser Exists (0.2ms)[0m  [1m[34mSELECT  1 AS one FROM "users" WHERE "users"."username" = ? AND "users"."id" != ? LIMIT ?[0m  [["username", "mavers"], ["id", 1], ["LIMIT", 1]]
  ↳ app/models/user.rb:29
  [1m[36mUser Exists (0.1ms)[0m  [1m[34mSELECT  1 AS one FROM "users" WHERE "users"."session_token" = ? AND "users"."id" != ? LIMIT ?[0m  [["session_token", "A-IjC0D66XPE903YUcLAeA"], ["id", 1], ["LIMIT", 1]]
  ↳ app/models/user.rb:29
  [1m[36mUser Update (0.2ms)[0m  [1m[33mUPDATE "users" SET "session_token" = ?, "updated_at" = ? WHERE "users"."id" = ?[0m  [["session_token", "A-IjC0D66XPE903YUcLAeA"], ["updated_at", "2018-11-16 23:00:54.246693"], ["id", 1]]
  ↳ app/models/user.rb:29
  [1m[35m (0.9ms)[0m  [1m[36mcommit transaction[0m
  ↳ app/models/user.rb:29
Redirected to http://localhost:3000/users/1
Completed 302 Found in 157ms (ActiveRecord: 48.9ms)


Started GET "/users/1" for 127.0.0.1 at 2018-11-16 15:00:54 -0800
Processing by UsersController#show as HTML
  Parameters: {"id"=>"1"}
  [1m[36mUser Load (0.3ms)[0m  [1m[34mSELECT  "users".* FROM "users" WHERE "users"."id" = ? LIMIT ?[0m  [["id", 1], ["LIMIT", 1]]
  ↳ app/controllers/users_controller.rb:20
  Rendering users/show.html.erb within layouts/application
  Rendered users/show.html.erb within layouts/application (0.6ms)
  [1m[36mUser Load (0.3ms)[0m  [1m[34mSELECT  "users".* FROM "users" WHERE "users"."session_token" = ? LIMIT ?[0m  [["session_token", "A-IjC0D66XPE903YUcLAeA"], ["LIMIT", 1]]
  ↳ app/controllers/application_controller.rb:16
Completed 200 OK in 38ms (Views: 32.2ms | ActiveRecord: 0.6ms)


Started DELETE "/session" for 127.0.0.1 at 2018-11-16 15:01:03 -0800
Processing by SessionsController#destroy as HTML
  Parameters: {"authenticity_token"=>"RwsRknvU8IDYaeW7qm08Fn+Srgt1uCCObboOFpHeEOnnOsFvlWXc7QGHD4h7hh1WHxgTBuDIhqVxqakfmCKddA=="}
  [1m[36mUser Load (0.1ms)[0m  [1m[34mSELECT  "users".* FROM "users" WHERE "users"."session_token" = ? LIMIT ?[0m  [["session_token", "A-IjC0D66XPE903YUcLAeA"], ["LIMIT", 1]]
  ↳ app/controllers/application_controller.rb:16
  [1m[35m (0.1ms)[0m  [1m[36mbegin transaction[0m
  ↳ app/models/user.rb:29
  [1m[36mUser Exists (0.2ms)[0m  [1m[34mSELECT  1 AS one FROM "users" WHERE "users"."username" = ? AND "users"."id" != ? LIMIT ?[0m  [["username", "mavers"], ["id", 1], ["LIMIT", 1]]
  ↳ app/models/user.rb:29
  [1m[36mUser Exists (0.1ms)[0m  [1m[34mSELECT  1 AS one FROM "users" WHERE "users"."session_token" = ? AND "users"."id" != ? LIMIT ?[0m  [["session_token", "HEI5y6MndBBqlKztizGHvA"], ["id", 1], ["LIMIT", 1]]
  ↳ app/models/user.rb:29
  [1m[36mUser Update (0.6ms)[0m  [1m[33mUPDATE "users" SET "session_token" = ?, "updated_at" = ? WHERE "users"."id" = ?[0m  [["session_token", "HEI5y6MndBBqlKztizGHvA"], ["updated_at", "2018-11-16 23:01:03.344724"], ["id", 1]]
  ↳ app/models/user.rb:29
  [1m[35m (0.9ms)[0m  [1m[36mcommit transaction[0m
  ↳ app/models/user.rb:29
  Rendering sessions/new.html.erb within layouts/application
  Rendered sessions/new.html.erb within layouts/application (0.9ms)
  [1m[36mUser Load (0.2ms)[0m  [1m[34mSELECT  "users".* FROM "users" WHERE "users"."session_token" IS NULL LIMIT ?[0m  [["LIMIT", 1]]
  ↳ app/controllers/application_controller.rb:16
Completed 200 OK in 55ms (Views: 46.9ms | ActiveRecord: 2.3ms)


Started GET "/session/new?authenticity_token=JfqPYoa76q1DWsBcjdLIJRgu4VqbgNTm85o0WGN5Ve2Fy1%2BfaArGwJq0Km9cOelleKRcVw7wcs3viZNRaoXYcA%3D%3D" for 127.0.0.1 at 2018-11-16 15:01:05 -0800
Processing by SessionsController#new as HTML
  Parameters: {"authenticity_token"=>"JfqPYoa76q1DWsBcjdLIJRgu4VqbgNTm85o0WGN5Ve2Fy1+faArGwJq0Km9cOelleKRcVw7wcs3viZNRaoXYcA=="}
  Rendering sessions/new.html.erb within layouts/application
  Rendered sessions/new.html.erb within layouts/application (1.2ms)
  [1m[36mUser Load (0.4ms)[0m  [1m[34mSELECT  "users".* FROM "users" WHERE "users"."session_token" IS NULL LIMIT ?[0m  [["LIMIT", 1]]
  ↳ app/controllers/application_controller.rb:16
Completed 200 OK in 40ms (Views: 37.9ms | ActiveRecord: 0.4ms)


Started GET "/users/new" for 127.0.0.1 at 2018-11-16 15:03:40 -0800
Processing by UsersController#new as HTML
  Rendering users/new.html.erb within layouts/application
  Rendered users/new.html.erb within layouts/application (0.8ms)
  [1m[36mUser Load (0.4ms)[0m  [1m[34mSELECT  "users".* FROM "users" WHERE "users"."session_token" IS NULL LIMIT ?[0m  [["LIMIT", 1]]
  ↳ app/controllers/application_controller.rb:16
Completed 200 OK in 58ms (Views: 43.2ms | ActiveRecord: 1.3ms)


Started POST "/users" for 127.0.0.1 at 2018-11-16 15:03:45 -0800
Processing by UsersController#create as HTML
  Parameters: {"authenticity_token"=>"xJdgpQFzF48fAzfYeXCcj6aphwrDGc4rq4F0ELWcMx9kprBY78I74sbt3euom73PxiM6B1ZpaAC3ktMZvGC+gg==", "user"=>{"username"=>"mavers", "password"=>"[FILTERED]"}}
  [1m[35m (0.1ms)[0m  [1m[36mbegin transaction[0m
  ↳ app/controllers/users_controller.rb:10
  [1m[36mUser Exists (0.3ms)[0m  [1m[34mSELECT  1 AS one FROM "users" WHERE "users"."username" = ? LIMIT ?[0m  [["username", "mavers"], ["LIMIT", 1]]
  ↳ app/controllers/users_controller.rb:10
  [1m[36mUser Exists (0.2ms)[0m  [1m[34mSELECT  1 AS one FROM "users" WHERE "users"."session_token" = ? LIMIT ?[0m  [["session_token", "nbFbhrJaQHXjkc27rT9E2w"], ["LIMIT", 1]]
  ↳ app/controllers/users_controller.rb:10
  [1m[35m (0.1ms)[0m  [1m[31mrollback transaction[0m
  ↳ app/controllers/users_controller.rb:10
  Rendering users/new.html.erb within layouts/application
  Rendered users/new.html.erb within layouts/application (0.8ms)
  [1m[36mUser Load (0.5ms)[0m  [1m[34mSELECT  "users".* FROM "users" WHERE "users"."session_token" IS NULL LIMIT ?[0m  [["LIMIT", 1]]
  ↳ app/controllers/application_controller.rb:16
Completed 200 OK in 164ms (Views: 31.8ms | ActiveRecord: 1.2ms)


Started GET "/users/1" for 127.0.0.1 at 2018-11-16 15:04:14 -0800
Processing by UsersController#show as HTML
  Parameters: {"id"=>"1"}
  [1m[36mUser Load (0.2ms)[0m  [1m[34mSELECT  "users".* FROM "users" WHERE "users"."id" = ? LIMIT ?[0m  [["id", 1], ["LIMIT", 1]]
  ↳ app/controllers/users_controller.rb:21
  Rendering users/show.html.erb within layouts/application
  Rendered users/show.html.erb within layouts/application (0.5ms)
  [1m[36mUser Load (0.2ms)[0m  [1m[34mSELECT  "users".* FROM "users" WHERE "users"."session_token" IS NULL LIMIT ?[0m  [["LIMIT", 1]]
  ↳ app/controllers/application_controller.rb:16
Completed 200 OK in 55ms (Views: 50.7ms | ActiveRecord: 0.5ms)


Started GET "/users/2" for 127.0.0.1 at 2018-11-16 15:04:16 -0800
Processing by UsersController#show as HTML
  Parameters: {"id"=>"2"}
  [1m[36mUser Load (0.2ms)[0m  [1m[34mSELECT  "users".* FROM "users" WHERE "users"."id" = ? LIMIT ?[0m  [["id", 2], ["LIMIT", 1]]
  ↳ app/controllers/users_controller.rb:21
Completed 404 Not Found in 2ms (ActiveRecord: 0.2ms)


  
ActiveRecord::RecordNotFound (Couldn't find User with 'id'=2):
  
app/controllers/users_controller.rb:21:in `show'
Started GET "/users/1" for 127.0.0.1 at 2018-11-16 15:04:20 -0800
Processing by UsersController#show as HTML
  Parameters: {"id"=>"1"}
  [1m[36mUser Load (0.2ms)[0m  [1m[34mSELECT  "users".* FROM "users" WHERE "users"."id" = ? LIMIT ?[0m  [["id", 1], ["LIMIT", 1]]
  ↳ app/controllers/users_controller.rb:21
  Rendering users/show.html.erb within layouts/application
  Rendered users/show.html.erb within layouts/application (0.6ms)
  [1m[36mUser Load (0.3ms)[0m  [1m[34mSELECT  "users".* FROM "users" WHERE "users"."session_token" IS NULL LIMIT ?[0m  [["LIMIT", 1]]
  ↳ app/controllers/application_controller.rb:16
Completed 200 OK in 50ms (Views: 44.4ms | ActiveRecord: 0.5ms)


  [1m[36mUser Load (0.2ms)[0m  [1m[34mSELECT  "users".* FROM "users" ORDER BY "users"."id" DESC LIMIT ?[0m  [["LIMIT", 1]]
  [1m[35m (0.1ms)[0m  [1m[36mbegin transaction[0m
  [1m[36mUser Destroy (0.4ms)[0m  [1m[31mDELETE FROM "users" WHERE "users"."id" = ?[0m  [["id", 1]]
  [1m[35m (1.2ms)[0m  [1m[36mcommit transaction[0m
  [1m[36mUser Load (0.5ms)[0m  [1m[34mSELECT "users".* FROM "users"[0m
Started GET "/users/new" for 127.0.0.1 at 2018-11-16 15:04:54 -0800
Processing by UsersController#new as HTML
  Rendering users/new.html.erb within layouts/application
  Rendered users/new.html.erb within layouts/application (0.7ms)
  [1m[36mUser Load (0.6ms)[0m  [1m[34mSELECT  "users".* FROM "users" WHERE "users"."session_token" IS NULL LIMIT ?[0m  [["LIMIT", 1]]
  ↳ app/controllers/application_controller.rb:16
Completed 200 OK in 54ms (Views: 39.1ms | ActiveRecord: 0.6ms)


Started POST "/users" for 127.0.0.1 at 2018-11-16 15:05:28 -0800
Processing by UsersController#create as HTML
  Parameters: {"authenticity_token"=>"ZJCcdcRF/ou0Pqpy2+g2+2jq+wwuEuTp13r81K1KOxDEoUyIKvTS5m3QQEEKAxe7CGBGAbtiQsLLaVvdpLa2jQ==", "user"=>{"username"=>"mavers", "password"=>"[FILTERED]"}}
  [1m[35m (0.1ms)[0m  [1m[36mbegin transaction[0m
  ↳ app/controllers/users_controller.rb:10
  [1m[36mUser Exists (0.3ms)[0m  [1m[34mSELECT  1 AS one FROM "users" WHERE "users"."username" = ? LIMIT ?[0m  [["username", "mavers"], ["LIMIT", 1]]
  ↳ app/controllers/users_controller.rb:10
  [1m[36mUser Exists (0.1ms)[0m  [1m[34mSELECT  1 AS one FROM "users" WHERE "users"."session_token" = ? LIMIT ?[0m  [["session_token", "hBVsEUeCX7yQT-U_kdSmAA"], ["LIMIT", 1]]
  ↳ app/controllers/users_controller.rb:10
  [1m[36mUser Create (0.4ms)[0m  [1m[32mINSERT INTO "users" ("username", "session_token", "password_digest", "created_at", "updated_at") VALUES (?, ?, ?, ?, ?)[0m  [["username", "mavers"], ["session_token", "hBVsEUeCX7yQT-U_kdSmAA"], ["password_digest", "$2a$10$b2tUpidQ2s08lEwAUVQZw.Dubw0w36hKBlkcz14h32Dd3ZU1gvFFa"], ["created_at", "2018-11-16 23:05:28.833959"], ["updated_at", "2018-11-16 23:05:28.833959"]]
  ↳ app/controllers/users_controller.rb:10
  [1m[35m (0.9ms)[0m  [1m[36mcommit transaction[0m
  ↳ app/controllers/users_controller.rb:10
  [1m[35m (0.1ms)[0m  [1m[36mbegin transaction[0m
  ↳ app/models/user.rb:29
  [1m[36mUser Exists (0.2ms)[0m  [1m[34mSELECT  1 AS one FROM "users" WHERE "users"."username" = ? AND "users"."id" != ? LIMIT ?[0m  [["username", "mavers"], ["id", 2], ["LIMIT", 1]]
  ↳ app/models/user.rb:29
  [1m[36mUser Exists (0.1ms)[0m  [1m[34mSELECT  1 AS one FROM "users" WHERE "users"."session_token" = ? AND "users"."id" != ? LIMIT ?[0m  [["session_token", "wiY2yGxcv_rV8IBGFaBJjA"], ["id", 2], ["LIMIT", 1]]
  ↳ app/models/user.rb:29
  [1m[36mUser Update (0.3ms)[0m  [1m[33mUPDATE "users" SET "session_token" = ?, "updated_at" = ? WHERE "users"."id" = ?[0m  [["session_token", "wiY2yGxcv_rV8IBGFaBJjA"], ["updated_at", "2018-11-16 23:05:28.839472"], ["id", 2]]
  ↳ app/models/user.rb:29
  [1m[35m (0.9ms)[0m  [1m[36mcommit transaction[0m
  ↳ app/models/user.rb:29
Redirected to http://localhost:3000/users/2
Completed 302 Found in 9887ms (ActiveRecord: 3.4ms)


Started GET "/users/2" for 127.0.0.1 at 2018-11-16 15:05:38 -0800
Processing by UsersController#show as HTML
  Parameters: {"id"=>"2"}
  [1m[36mUser Load (0.3ms)[0m  [1m[34mSELECT  "users".* FROM "users" WHERE "users"."id" = ? LIMIT ?[0m  [["id", 2], ["LIMIT", 1]]
  ↳ app/controllers/users_controller.rb:21
  Rendering users/show.html.erb within layouts/application
  Rendered users/show.html.erb within layouts/application (0.6ms)
  [1m[36mUser Load (0.9ms)[0m  [1m[34mSELECT  "users".* FROM "users" WHERE "users"."session_token" = ? LIMIT ?[0m  [["session_token", "wiY2yGxcv_rV8IBGFaBJjA"], ["LIMIT", 1]]
  ↳ app/controllers/application_controller.rb:16
Completed 200 OK in 50ms (Views: 44.7ms | ActiveRecord: 1.2ms)


  [1m[36mUser Load (0.4ms)[0m  [1m[34mSELECT  "users".* FROM "users" ORDER BY "users"."id" DESC LIMIT ?[0m  [["LIMIT", 1]]
  [1m[35m (0.1ms)[0m  [1m[36mbegin transaction[0m
  [1m[36mUser Destroy (0.5ms)[0m  [1m[31mDELETE FROM "users" WHERE "users"."id" = ?[0m  [["id", 2]]
  [1m[35m (1.8ms)[0m  [1m[36mcommit transaction[0m
  [1m[36mUser Load (0.6ms)[0m  [1m[34mSELECT "users".* FROM "users"[0m
Started GET "/users/2" for 127.0.0.1 at 2018-11-16 15:07:56 -0800
Processing by UsersController#show as HTML
  Parameters: {"id"=>"2"}
  [1m[36mUser Load (0.2ms)[0m  [1m[34mSELECT  "users".* FROM "users" WHERE "users"."id" = ? LIMIT ?[0m  [["id", 2], ["LIMIT", 1]]
  ↳ app/controllers/users_controller.rb:20
Completed 404 Not Found in 7ms (ActiveRecord: 1.3ms)


  
ActiveRecord::RecordNotFound (Couldn't find User with 'id'=2):
  
app/controllers/users_controller.rb:20:in `show'
Started POST "/users" for 127.0.0.1 at 2018-11-16 15:08:14 -0800
Processing by UsersController#create as HTML
  Parameters: {"authenticity_token"=>"ZJCcdcRF/ou0Pqpy2+g2+2jq+wwuEuTp13r81K1KOxDEoUyIKvTS5m3QQEEKAxe7CGBGAbtiQsLLaVvdpLa2jQ==", "user"=>{"username"=>"test", "password"=>"[FILTERED]"}}
  [1m[35m (0.1ms)[0m  [1m[36mbegin transaction[0m
  ↳ app/controllers/users_controller.rb:10
  [1m[36mUser Exists (0.3ms)[0m  [1m[34mSELECT  1 AS one FROM "users" WHERE "users"."username" = ? LIMIT ?[0m  [["username", "test"], ["LIMIT", 1]]
  ↳ app/controllers/users_controller.rb:10
  [1m[36mUser Exists (0.1ms)[0m  [1m[34mSELECT  1 AS one FROM "users" WHERE "users"."session_token" = ? LIMIT ?[0m  [["session_token", "PeHlrDG90WdEC1QpLQ820w"], ["LIMIT", 1]]
  ↳ app/controllers/users_controller.rb:10
  [1m[36mUser Create (0.4ms)[0m  [1m[32mINSERT INTO "users" ("username", "session_token", "password_digest", "created_at", "updated_at") VALUES (?, ?, ?, ?, ?)[0m  [["username", "test"], ["session_token", "PeHlrDG90WdEC1QpLQ820w"], ["password_digest", "$2a$10$2qoq9XraLBL57J8fKmLCFetb2PO3UZt8eH1sII7nRmpcgnvZA0Pk6"], ["created_at", "2018-11-16 23:08:14.487120"], ["updated_at", "2018-11-16 23:08:14.487120"]]
  ↳ app/controllers/users_controller.rb:10
  [1m[35m (0.8ms)[0m  [1m[36mcommit transaction[0m
  ↳ app/controllers/users_controller.rb:10
  [1m[35m (0.1ms)[0m  [1m[36mbegin transaction[0m
  ↳ app/models/user.rb:29
  [1m[36mUser Exists (0.2ms)[0m  [1m[34mSELECT  1 AS one FROM "users" WHERE "users"."username" = ? AND "users"."id" != ? LIMIT ?[0m  [["username", "test"], ["id", 3], ["LIMIT", 1]]
  ↳ app/models/user.rb:29
  [1m[36mUser Exists (0.1ms)[0m  [1m[34mSELECT  1 AS one FROM "users" WHERE "users"."session_token" = ? AND "users"."id" != ? LIMIT ?[0m  [["session_token", "UKKmx30eLubKw0csj9vTkg"], ["id", 3], ["LIMIT", 1]]
  ↳ app/models/user.rb:29
  [1m[36mUser Update (0.3ms)[0m  [1m[33mUPDATE "users" SET "session_token" = ?, "updated_at" = ? WHERE "users"."id" = ?[0m  [["session_token", "UKKmx30eLubKw0csj9vTkg"], ["updated_at", "2018-11-16 23:08:14.493058"], ["id", 3]]
  ↳ app/models/user.rb:29
  [1m[35m (0.9ms)[0m  [1m[36mcommit transaction[0m
  ↳ app/models/user.rb:29
Redirected to http://localhost:3000/users/3
Completed 302 Found in 118ms (ActiveRecord: 3.3ms)


Started GET "/users/3" for 127.0.0.1 at 2018-11-16 15:08:14 -0800
Processing by UsersController#show as HTML
  Parameters: {"id"=>"3"}
  [1m[36mUser Load (0.2ms)[0m  [1m[34mSELECT  "users".* FROM "users" WHERE "users"."id" = ? LIMIT ?[0m  [["id", 3], ["LIMIT", 1]]
  ↳ app/controllers/users_controller.rb:20
  Rendering users/show.html.erb within layouts/application
  Rendered users/show.html.erb within layouts/application (0.4ms)
  [1m[36mUser Load (0.3ms)[0m  [1m[34mSELECT  "users".* FROM "users" WHERE "users"."session_token" = ? LIMIT ?[0m  [["session_token", "UKKmx30eLubKw0csj9vTkg"], ["LIMIT", 1]]
  ↳ app/controllers/application_controller.rb:16
Completed 200 OK in 60ms (Views: 55.3ms | ActiveRecord: 0.5ms)


Started DELETE "/session" for 127.0.0.1 at 2018-11-16 15:10:28 -0800
Processing by SessionsController#destroy as HTML
  Parameters: {"authenticity_token"=>"kUgNM8irJ4PJRZNsyTwAXZ8J42V58oUy72JbCzX3AU8xed3OJhoL7hCreV8Y1yEd/4NeaOyCIxnzcfwCPAuM0g=="}
  [1m[36mUser Load (0.2ms)[0m  [1m[34mSELECT  "users".* FROM "users" WHERE "users"."session_token" = ? LIMIT ?[0m  [["session_token", "UKKmx30eLubKw0csj9vTkg"], ["LIMIT", 1]]
  ↳ app/controllers/application_controller.rb:16
  [1m[35m (0.2ms)[0m  [1m[36mbegin transaction[0m
  ↳ app/models/user.rb:29
  [1m[36mUser Exists (0.3ms)[0m  [1m[34mSELECT  1 AS one FROM "users" WHERE "users"."username" = ? AND "users"."id" != ? LIMIT ?[0m  [["username", "test"], ["id", 3], ["LIMIT", 1]]
  ↳ app/models/user.rb:29
  [1m[36mUser Exists (0.2ms)[0m  [1m[34mSELECT  1 AS one FROM "users" WHERE "users"."session_token" = ? AND "users"."id" != ? LIMIT ?[0m  [["session_token", "irh5Kh3XCpPKL9P5ORwHvQ"], ["id", 3], ["LIMIT", 1]]
  ↳ app/models/user.rb:29
  [1m[36mUser Update (0.5ms)[0m  [1m[33mUPDATE "users" SET "session_token" = ?, "updated_at" = ? WHERE "users"."id" = ?[0m  [["session_token", "irh5Kh3XCpPKL9P5ORwHvQ"], ["updated_at", "2018-11-16 23:10:28.497767"], ["id", 3]]
  ↳ app/models/user.rb:29
  [1m[35m (1.2ms)[0m  [1m[36mcommit transaction[0m
  ↳ app/models/user.rb:29
  Rendering sessions/new.html.erb within layouts/application
  Rendered sessions/new.html.erb within layouts/application (1.0ms)
  [1m[36mUser Load (0.3ms)[0m  [1m[34mSELECT  "users".* FROM "users" WHERE "users"."session_token" IS NULL LIMIT ?[0m  [["LIMIT", 1]]
  ↳ app/controllers/application_controller.rb:16
Completed 200 OK in 91ms (Views: 77.0ms | ActiveRecord: 2.9ms)


Started POST "/session" for 127.0.0.1 at 2018-11-16 15:10:34 -0800
Processing by SessionsController#create as HTML
  Parameters: {"authenticity_token"=>"2OsYDMiMtRMBH8oJzTeHg+77SuiPggOrpquegzlq6bJ42sjxJj2ZftjxIDoc3KbDjnH35RrypYC6uDmKMJZkLw==", "user"=>{"username"=>"test", "password"=>"[FILTERED]"}}
  [1m[36mUser Load (0.4ms)[0m  [1m[34mSELECT  "users".* FROM "users" WHERE "users"."username" = ? LIMIT ?[0m  [["username", "test"], ["LIMIT", 1]]
  ↳ app/models/user.rb:15
  [1m[35m (0.1ms)[0m  [1m[36mbegin transaction[0m
  ↳ app/models/user.rb:29
  [1m[36mUser Exists (0.3ms)[0m  [1m[34mSELECT  1 AS one FROM "users" WHERE "users"."username" = ? AND "users"."id" != ? LIMIT ?[0m  [["username", "test"], ["id", 3], ["LIMIT", 1]]
  ↳ app/models/user.rb:29
  [1m[36mUser Exists (0.2ms)[0m  [1m[34mSELECT  1 AS one FROM "users" WHERE "users"."session_token" = ? AND "users"."id" != ? LIMIT ?[0m  [["session_token", "1nIM3-xMk_uK2PC44aqzCg"], ["id", 3], ["LIMIT", 1]]
  ↳ app/models/user.rb:29
  [1m[36mUser Update (0.6ms)[0m  [1m[33mUPDATE "users" SET "session_token" = ?, "updated_at" = ? WHERE "users"."id" = ?[0m  [["session_token", "1nIM3-xMk_uK2PC44aqzCg"], ["updated_at", "2018-11-16 23:10:34.177160"], ["id", 3]]
  ↳ app/models/user.rb:29
  [1m[35m (1.2ms)[0m  [1m[36mcommit transaction[0m
  ↳ app/models/user.rb:29
Redirected to http://localhost:3000/users/3
Completed 302 Found in 106ms (ActiveRecord: 2.7ms)


Started GET "/users/3" for 127.0.0.1 at 2018-11-16 15:10:34 -0800
Processing by UsersController#show as HTML
  Parameters: {"id"=>"3"}
  [1m[36mUser Load (0.2ms)[0m  [1m[34mSELECT  "users".* FROM "users" WHERE "users"."id" = ? LIMIT ?[0m  [["id", 3], ["LIMIT", 1]]
  ↳ app/controllers/users_controller.rb:20
  Rendering users/show.html.erb within layouts/application
  Rendered users/show.html.erb within layouts/application (0.5ms)
  [1m[36mUser Load (0.2ms)[0m  [1m[34mSELECT  "users".* FROM "users" WHERE "users"."session_token" = ? LIMIT ?[0m  [["session_token", "1nIM3-xMk_uK2PC44aqzCg"], ["LIMIT", 1]]
  ↳ app/controllers/application_controller.rb:16
Completed 200 OK in 32ms (Views: 27.4ms | ActiveRecord: 0.4ms)


Started DELETE "/session" for 127.0.0.1 at 2018-11-16 15:10:41 -0800
Processing by SessionsController#destroy as HTML
  Parameters: {"authenticity_token"=>"wGz/tPfvUPavNDIeRrbDkCU1UvP3o4lOZPkmaw2pwl5gXS9JGV58m3ba2C2XXeLQRb/v/mLTL2V46oFiBFVPww=="}
  [1m[36mUser Load (0.3ms)[0m  [1m[34mSELECT  "users".* FROM "users" WHERE "users"."session_token" = ? LIMIT ?[0m  [["session_token", "1nIM3-xMk_uK2PC44aqzCg"], ["LIMIT", 1]]
  ↳ app/controllers/application_controller.rb:16
  [1m[35m (0.1ms)[0m  [1m[36mbegin transaction[0m
  ↳ app/models/user.rb:29
  [1m[36mUser Exists (0.3ms)[0m  [1m[34mSELECT  1 AS one FROM "users" WHERE "users"."username" = ? AND "users"."id" != ? LIMIT ?[0m  [["username", "test"], ["id", 3], ["LIMIT", 1]]
  ↳ app/models/user.rb:29
  [1m[36mUser Exists (0.2ms)[0m  [1m[34mSELECT  1 AS one FROM "users" WHERE "users"."session_token" = ? AND "users"."id" != ? LIMIT ?[0m  [["session_token", "qFNmWMjhjGFXgfUtjF5-aA"], ["id", 3], ["LIMIT", 1]]
  ↳ app/models/user.rb:29
  [1m[36mUser Update (0.4ms)[0m  [1m[33mUPDATE "users" SET "session_token" = ?, "updated_at" = ? WHERE "users"."id" = ?[0m  [["session_token", "qFNmWMjhjGFXgfUtjF5-aA"], ["updated_at", "2018-11-16 23:10:41.167905"], ["id", 3]]
  ↳ app/models/user.rb:29
  [1m[35m (6.2ms)[0m  [1m[36mcommit transaction[0m
  ↳ app/models/user.rb:29
  Rendering sessions/new.html.erb within layouts/application
  Rendered sessions/new.html.erb within layouts/application (1.1ms)
  [1m[36mUser Load (0.3ms)[0m  [1m[34mSELECT  "users".* FROM "users" WHERE "users"."session_token" IS NULL LIMIT ?[0m  [["LIMIT", 1]]
  ↳ app/controllers/application_controller.rb:16
Completed 200 OK in 53ms (Views: 34.5ms | ActiveRecord: 7.9ms)


Started POST "/session" for 127.0.0.1 at 2018-11-16 15:14:11 -0800
Processing by SessionsController#create as HTML
  Parameters: {"authenticity_token"=>"aq1QUIBQxSFMnpQ1jWyoqbgibkZDXHRCvub1v7gR+nbKnICtbuHpTJVwfgZch4np2KjTS9Ys0mmi9VK2se136w==", "user"=>{"username"=>"test", "password"=>"[FILTERED]"}}
  [1m[36mUser Load (0.2ms)[0m  [1m[34mSELECT  "users".* FROM "users" WHERE "users"."username" = ? LIMIT ?[0m  [["username", "test"], ["LIMIT", 1]]
  ↳ app/models/user.rb:15
  [1m[35m (0.1ms)[0m  [1m[36mbegin transaction[0m
  ↳ app/models/user.rb:29
  [1m[36mUser Exists (0.3ms)[0m  [1m[34mSELECT  1 AS one FROM "users" WHERE "users"."username" = ? AND "users"."id" != ? LIMIT ?[0m  [["username", "test"], ["id", 3], ["LIMIT", 1]]
  ↳ app/models/user.rb:29
  [1m[36mUser Exists (0.1ms)[0m  [1m[34mSELECT  1 AS one FROM "users" WHERE "users"."session_token" = ? AND "users"."id" != ? LIMIT ?[0m  [["session_token", "c3yhoW9o4-8bw1Qkc04Oug"], ["id", 3], ["LIMIT", 1]]
  ↳ app/models/user.rb:29
  [1m[36mUser Update (0.4ms)[0m  [1m[33mUPDATE "users" SET "session_token" = ?, "updated_at" = ? WHERE "users"."id" = ?[0m  [["session_token", "c3yhoW9o4-8bw1Qkc04Oug"], ["updated_at", "2018-11-16 23:14:11.628400"], ["id", 3]]
  ↳ app/models/user.rb:29
  [1m[35m (1.1ms)[0m  [1m[36mcommit transaction[0m
  ↳ app/models/user.rb:29
Redirected to http://localhost:3000/users/3
Completed 302 Found in 100ms (ActiveRecord: 2.2ms)


Started GET "/users/3" for 127.0.0.1 at 2018-11-16 15:14:11 -0800
Processing by UsersController#show as HTML
  Parameters: {"id"=>"3"}
  [1m[36mUser Load (0.2ms)[0m  [1m[34mSELECT  "users".* FROM "users" WHERE "users"."id" = ? LIMIT ?[0m  [["id", 3], ["LIMIT", 1]]
  ↳ app/controllers/users_controller.rb:20
  Rendering users/show.html.erb within layouts/application
  Rendered users/show.html.erb within layouts/application (0.5ms)
  [1m[36mUser Load (0.2ms)[0m  [1m[34mSELECT  "users".* FROM "users" WHERE "users"."session_token" = ? LIMIT ?[0m  [["session_token", "c3yhoW9o4-8bw1Qkc04Oug"], ["LIMIT", 1]]
  ↳ app/controllers/application_controller.rb:16
Completed 200 OK in 74ms (Views: 70.3ms | ActiveRecord: 0.3ms)


Started GET "/users/3" for 127.0.0.1 at 2018-11-16 15:15:42 -0800
Processing by UsersController#show as HTML
  Parameters: {"id"=>"3"}
  [1m[36mUser Load (0.3ms)[0m  [1m[34mSELECT  "users".* FROM "users" WHERE "users"."id" = ? LIMIT ?[0m  [["id", 3], ["LIMIT", 1]]
  ↳ app/controllers/users_controller.rb:20
  Rendering users/show.html.erb within layouts/application
  Rendered users/show.html.erb within layouts/application (0.5ms)
  [1m[36mUser Load (0.2ms)[0m  [1m[34mSELECT  "users".* FROM "users" WHERE "users"."session_token" = ? LIMIT ?[0m  [["session_token", "c3yhoW9o4-8bw1Qkc04Oug"], ["LIMIT", 1]]
  ↳ app/controllers/application_controller.rb:16
Completed 200 OK in 94ms (Views: 89.2ms | ActiveRecord: 0.5ms)


Started GET "/users/3" for 127.0.0.1 at 2018-11-16 15:15:44 -0800
Processing by UsersController#show as HTML
  Parameters: {"id"=>"3"}
  [1m[36mUser Load (0.2ms)[0m  [1m[34mSELECT  "users".* FROM "users" WHERE "users"."id" = ? LIMIT ?[0m  [["id", 3], ["LIMIT", 1]]
  ↳ app/controllers/users_controller.rb:20
  Rendering users/show.html.erb within layouts/application
  Rendered users/show.html.erb within layouts/application (0.5ms)
  [1m[36mUser Load (0.2ms)[0m  [1m[34mSELECT  "users".* FROM "users" WHERE "users"."session_token" = ? LIMIT ?[0m  [["session_token", "c3yhoW9o4-8bw1Qkc04Oug"], ["LIMIT", 1]]
  ↳ app/controllers/application_controller.rb:16
Completed 200 OK in 47ms (Views: 42.5ms | ActiveRecord: 0.4ms)


Started GET "/users/3" for 127.0.0.1 at 2018-11-16 15:17:30 -0800
Processing by UsersController#show as HTML
  Parameters: {"id"=>"3"}
  [1m[36mUser Load (0.2ms)[0m  [1m[34mSELECT  "users".* FROM "users" WHERE "users"."id" = ? LIMIT ?[0m  [["id", 3], ["LIMIT", 1]]
  ↳ app/controllers/users_controller.rb:20
  Rendering users/show.html.erb within layouts/application
  Rendered users/show.html.erb within layouts/application (0.5ms)
  [1m[36mUser Load (0.2ms)[0m  [1m[34mSELECT  "users".* FROM "users" WHERE "users"."session_token" = ? LIMIT ?[0m  [["session_token", "c3yhoW9o4-8bw1Qkc04Oug"], ["LIMIT", 1]]
  ↳ app/controllers/application_controller.rb:16
Completed 200 OK in 48ms (Views: 43.1ms | ActiveRecord: 0.4ms)


Started DELETE "/session" for 127.0.0.1 at 2018-11-16 15:17:31 -0800
Processing by SessionsController#destroy as HTML
  Parameters: {"authenticity_token"=>"YLcv4mvSt8nekzhAk+5KcdCgHl4nTXGOOR8Aa8K9WEHAhv8fhWObpAd90nNCBWsxsCqjU7I916UlDKdiy0HV3A=="}
  [1m[36mUser Load (0.2ms)[0m  [1m[34mSELECT  "users".* FROM "users" WHERE "users"."session_token" = ? LIMIT ?[0m  [["session_token", "c3yhoW9o4-8bw1Qkc04Oug"], ["LIMIT", 1]]
  ↳ app/controllers/application_controller.rb:16
  [1m[35m (0.1ms)[0m  [1m[36mbegin transaction[0m
  ↳ app/models/user.rb:29
  [1m[36mUser Exists (0.3ms)[0m  [1m[34mSELECT  1 AS one FROM "users" WHERE "users"."username" = ? AND "users"."id" != ? LIMIT ?[0m  [["username", "test"], ["id", 3], ["LIMIT", 1]]
  ↳ app/models/user.rb:29
  [1m[36mUser Exists (0.2ms)[0m  [1m[34mSELECT  1 AS one FROM "users" WHERE "users"."session_token" = ? AND "users"."id" != ? LIMIT ?[0m  [["session_token", "fCWS_SJ3tlM4Qqe56N4eBQ"], ["id", 3], ["LIMIT", 1]]
  ↳ app/models/user.rb:29
  [1m[36mUser Update (0.5ms)[0m  [1m[33mUPDATE "users" SET "session_token" = ?, "updated_at" = ? WHERE "users"."id" = ?[0m  [["session_token", "fCWS_SJ3tlM4Qqe56N4eBQ"], ["updated_at", "2018-11-16 23:17:31.224897"], ["id", 3]]
  ↳ app/models/user.rb:29
  [1m[35m (1.9ms)[0m  [1m[36mcommit transaction[0m
  ↳ app/models/user.rb:29
  Rendering sessions/new.html.erb within layouts/application
  Rendered sessions/new.html.erb within layouts/application (0.9ms)
  [1m[36mUser Load (0.3ms)[0m  [1m[34mSELECT  "users".* FROM "users" WHERE "users"."session_token" IS NULL LIMIT ?[0m  [["LIMIT", 1]]
  ↳ app/controllers/application_controller.rb:16
Completed 200 OK in 45ms (Views: 33.0ms | ActiveRecord: 3.5ms)


Started POST "/session" for 127.0.0.1 at 2018-11-16 15:17:39 -0800
Processing by SessionsController#create as HTML
  Parameters: {"authenticity_token"=>"1TlG45URv+OqpiPbiFhLfnv/W6Nqci+hB8udG9O4e/h1CJYee6CTjnNIyehZs2o+G3Xmrv8CiYob2DoS2kT2ZQ==", "user"=>{"username"=>"test", "password"=>"[FILTERED]"}}
  [1m[36mUser Load (0.1ms)[0m  [1m[34mSELECT  "users".* FROM "users" WHERE "users"."username" = ? LIMIT ?[0m  [["username", "test"], ["LIMIT", 1]]
  ↳ app/models/user.rb:15
  [1m[35m (0.1ms)[0m  [1m[36mbegin transaction[0m
  ↳ app/models/user.rb:29
  [1m[36mUser Exists (0.2ms)[0m  [1m[34mSELECT  1 AS one FROM "users" WHERE "users"."username" = ? AND "users"."id" != ? LIMIT ?[0m  [["username", "test"], ["id", 3], ["LIMIT", 1]]
  ↳ app/models/user.rb:29
  [1m[36mUser Exists (6.4ms)[0m  [1m[34mSELECT  1 AS one FROM "users" WHERE "users"."session_token" = ? AND "users"."id" != ? LIMIT ?[0m  [["session_token", "CIe4KyRjpA_LBOZBBn6L6w"], ["id", 3], ["LIMIT", 1]]
  ↳ app/models/user.rb:29
  [1m[36mUser Update (0.4ms)[0m  [1m[33mUPDATE "users" SET "session_token" = ?, "updated_at" = ? WHERE "users"."id" = ?[0m  [["session_token", "CIe4KyRjpA_LBOZBBn6L6w"], ["updated_at", "2018-11-16 23:17:39.998228"], ["id", 3]]
  ↳ app/models/user.rb:29
  [1m[35m (0.9ms)[0m  [1m[36mcommit transaction[0m
  ↳ app/models/user.rb:29
Redirected to http://localhost:3000/users/3
Completed 302 Found in 108ms (ActiveRecord: 8.1ms)


Started GET "/users/3" for 127.0.0.1 at 2018-11-16 15:17:40 -0800
Processing by UsersController#show as HTML
  Parameters: {"id"=>"3"}
  [1m[36mUser Load (0.2ms)[0m  [1m[34mSELECT  "users".* FROM "users" WHERE "users"."id" = ? LIMIT ?[0m  [["id", 3], ["LIMIT", 1]]
  ↳ app/controllers/users_controller.rb:20
  Rendering users/show.html.erb within layouts/application
  Rendered users/show.html.erb within layouts/application (0.5ms)
  [1m[36mUser Load (0.2ms)[0m  [1m[34mSELECT  "users".* FROM "users" WHERE "users"."session_token" = ? LIMIT ?[0m  [["session_token", "CIe4KyRjpA_LBOZBBn6L6w"], ["LIMIT", 1]]
  ↳ app/controllers/application_controller.rb:16
Completed 200 OK in 32ms (Views: 28.2ms | ActiveRecord: 0.4ms)


Started DELETE "/session" for 127.0.0.1 at 2018-11-16 15:17:41 -0800
Processing by SessionsController#destroy as HTML
  Parameters: {"authenticity_token"=>"95SwwSQ5t4AkIecFUI4KklqYhI6hedvzFUuzevRXKNhXpWA8yoib7f3PDTaBZSvSOhI5gzQJfdgJWBRz/aulRQ=="}
  [1m[36mUser Load (0.1ms)[0m  [1m[34mSELECT  "users".* FROM "users" WHERE "users"."session_token" = ? LIMIT ?[0m  [["session_token", "CIe4KyRjpA_LBOZBBn6L6w"], ["LIMIT", 1]]
  ↳ app/controllers/application_controller.rb:16
  [1m[35m (0.1ms)[0m  [1m[36mbegin transaction[0m
  ↳ app/models/user.rb:29
  [1m[36mUser Exists (0.1ms)[0m  [1m[34mSELECT  1 AS one FROM "users" WHERE "users"."username" = ? AND "users"."id" != ? LIMIT ?[0m  [["username", "test"], ["id", 3], ["LIMIT", 1]]
  ↳ app/models/user.rb:29
  [1m[36mUser Exists (0.1ms)[0m  [1m[34mSELECT  1 AS one FROM "users" WHERE "users"."session_token" = ? AND "users"."id" != ? LIMIT ?[0m  [["session_token", "3geSNpywJGaqUJ7zyLTmjg"], ["id", 3], ["LIMIT", 1]]
  ↳ app/models/user.rb:29
  [1m[36mUser Update (0.3ms)[0m  [1m[33mUPDATE "users" SET "session_token" = ?, "updated_at" = ? WHERE "users"."id" = ?[0m  [["session_token", "3geSNpywJGaqUJ7zyLTmjg"], ["updated_at", "2018-11-16 23:17:41.027729"], ["id", 3]]
  ↳ app/models/user.rb:29
  [1m[35m (5.6ms)[0m  [1m[36mcommit transaction[0m
  ↳ app/models/user.rb:29
  Rendering sessions/new.html.erb within layouts/application
  Rendered sessions/new.html.erb within layouts/application (0.9ms)
  [1m[36mUser Load (0.3ms)[0m  [1m[34mSELECT  "users".* FROM "users" WHERE "users"."session_token" IS NULL LIMIT ?[0m  [["LIMIT", 1]]
  ↳ app/controllers/application_controller.rb:16
Completed 200 OK in 51ms (Views: 38.8ms | ActiveRecord: 6.6ms)


